<?xml version="1.0" encoding="UTF-8" ?>
<testsuite tests="1" failures="0" name="net.ogalab.util.container.FrequencyTest" time="0.055" errors="0" skipped="0">
  <properties>
    <property name="java.runtime.name" value="Java(TM) SE Runtime Environment"/>
    <property name="sun.boot.library.path" value="/usr/lib/jvm/java-8-oracle/jre/lib/amd64"/>
    <property name="java.vm.version" value="25.131-b11"/>
    <property name="java.vm.vendor" value="Oracle Corporation"/>
    <property name="java.vendor.url" value="http://java.oracle.com/"/>
    <property name="path.separator" value=":"/>
    <property name="java.vm.name" value="Java HotSpot(TM) 64-Bit Server VM"/>
    <property name="file.encoding.pkg" value="sun.io"/>
    <property name="user.country" value="US"/>
    <property name="sun.java.launcher" value="SUN_STANDARD"/>
    <property name="sun.os.patch.level" value="unknown"/>
    <property name="java.vm.specification.name" value="Java Virtual Machine Specification"/>
    <property name="user.dir" value="/opt/java_progs/SimpleUtil/trunk"/>
    <property name="java.runtime.version" value="1.8.0_131-b11"/>
    <property name="java.awt.graphicsenv" value="sun.awt.X11GraphicsEnvironment"/>
    <property name="basedir" value="/opt/java_progs/SimpleUtil/trunk"/>
    <property name="java.endorsed.dirs" value="/usr/lib/jvm/java-8-oracle/jre/lib/endorsed"/>
    <property name="os.arch" value="amd64"/>
    <property name="surefire.real.class.path" value="/tmp/surefirebooter4115592859949679095.jar"/>
    <property name="java.io.tmpdir" value="/tmp"/>
    <property name="line.separator" value="
"/>
    <property name="java.vm.specification.vendor" value="Oracle Corporation"/>
    <property name="os.name" value="Linux"/>
    <property name="sun.jnu.encoding" value="ANSI_X3.4-1968"/>
    <property name="java.library.path" value="/.singularity.d/libs:/usr/java/packages/lib/amd64:/usr/lib64:/lib64:/lib:/usr/lib"/>
    <property name="surefire.test.class.path" value="/opt/java_progs/SimpleUtil/trunk/target/test-classes:/opt/java_progs/SimpleUtil/trunk/target/classes:/usr/share/maven-repo/junit/junit/4.11/junit-4.11.jar:/usr/share/maven-repo/org/hamcrest/hamcrest-core/1.3/hamcrest-core-1.3.jar:/usr/share/maven-repo/org/slf4j/slf4j-api/1.5.8/slf4j-api-1.5.8.jar:/usr/share/maven-repo/ch/qos/logback/logback-classic/0.9.17/logback-classic-0.9.17.jar:/usr/share/maven-repo/ch/qos/logback/logback-core/0.9.17/logback-core-0.9.17.jar:/usr/share/maven-repo/org/apache/commons/commons-compress/1.4.1/commons-compress-1.4.1.jar:/usr/share/maven-repo/org/tukaani/xz/1.0/xz-1.0.jar:/usr/share/maven-repo/commons-collections/commons-collections/3.2.1/commons-collections-3.2.1.jar:/usr/share/maven-repo/commons-codec/commons-codec/1.6/commons-codec-1.6.jar:/usr/share/maven-repo/org/apache/maven/surefire/common-junit4/2.13/common-junit4-2.13.jar:/usr/share/maven-repo/org/apache/maven/surefire/common-junit3/2.13/common-junit3-2.13.jar:/usr/share/maven-repo/org/apache/maven/surefire/common-java5/2.13/common-java5-2.13.jar:/usr/share/maven-repo/org/apache/maven/shared/maven-shared-utils/0.2/maven-shared-utils-0.2.jar:/usr/share/maven-repo/com/google/code/findbugs/jsr305/2.0.1/jsr305-2.0.1.jar:/usr/share/maven-repo/org/apache/maven/surefire/surefire-api/2.13/surefire-api-2.13.jar:/usr/share/maven-repo/commons-cli/commons-cli/1.2/commons-cli-1.2.jar:/usr/share/maven-repo/net/arnx/jsonic/1.3.0/jsonic-1.3.0.jar:"/>
    <property name="java.specification.name" value="Java Platform API Specification"/>
    <property name="java.class.version" value="52.0"/>
    <property name="sun.management.compiler" value="HotSpot 64-Bit Tiered Compilers"/>
    <property name="os.version" value="4.10.0-38-generic"/>
    <property name="user.home" value="/home/okuda"/>
    <property name="user.timezone" value=""/>
    <property name="java.awt.printerjob" value="sun.print.PSPrinterJob"/>
    <property name="file.encoding" value="ANSI_X3.4-1968"/>
    <property name="java.specification.version" value="1.8"/>
    <property name="user.name" value="okuda"/>
    <property name="java.class.path" value="/opt/java_progs/SimpleUtil/trunk/target/test-classes:/opt/java_progs/SimpleUtil/trunk/target/classes:/usr/share/maven-repo/junit/junit/4.11/junit-4.11.jar:/usr/share/maven-repo/org/hamcrest/hamcrest-core/1.3/hamcrest-core-1.3.jar:/usr/share/maven-repo/org/slf4j/slf4j-api/1.5.8/slf4j-api-1.5.8.jar:/usr/share/maven-repo/ch/qos/logback/logback-classic/0.9.17/logback-classic-0.9.17.jar:/usr/share/maven-repo/ch/qos/logback/logback-core/0.9.17/logback-core-0.9.17.jar:/usr/share/maven-repo/org/apache/commons/commons-compress/1.4.1/commons-compress-1.4.1.jar:/usr/share/maven-repo/org/tukaani/xz/1.0/xz-1.0.jar:/usr/share/maven-repo/commons-collections/commons-collections/3.2.1/commons-collections-3.2.1.jar:/usr/share/maven-repo/commons-codec/commons-codec/1.6/commons-codec-1.6.jar:/usr/share/maven-repo/org/apache/maven/surefire/common-junit4/2.13/common-junit4-2.13.jar:/usr/share/maven-repo/org/apache/maven/surefire/common-junit3/2.13/common-junit3-2.13.jar:/usr/share/maven-repo/org/apache/maven/surefire/common-java5/2.13/common-java5-2.13.jar:/usr/share/maven-repo/org/apache/maven/shared/maven-shared-utils/0.2/maven-shared-utils-0.2.jar:/usr/share/maven-repo/com/google/code/findbugs/jsr305/2.0.1/jsr305-2.0.1.jar:/usr/share/maven-repo/org/apache/maven/surefire/surefire-api/2.13/surefire-api-2.13.jar:/usr/share/maven-repo/commons-cli/commons-cli/1.2/commons-cli-1.2.jar:/usr/share/maven-repo/net/arnx/jsonic/1.3.0/jsonic-1.3.0.jar:"/>
    <property name="java.vm.specification.version" value="1.8"/>
    <property name="sun.arch.data.model" value="64"/>
    <property name="java.home" value="/usr/lib/jvm/java-8-oracle/jre"/>
    <property name="sun.java.command" value="/tmp/surefirebooter4115592859949679095.jar /tmp/surefire2610519547412542460tmp /tmp/surefire8664753176081462004tmp"/>
    <property name="java.specification.vendor" value="Oracle Corporation"/>
    <property name="user.language" value="en"/>
    <property name="awt.toolkit" value="sun.awt.X11.XToolkit"/>
    <property name="java.vm.info" value="mixed mode"/>
    <property name="java.version" value="1.8.0_131"/>
    <property name="java.ext.dirs" value="/usr/lib/jvm/java-8-oracle/jre/lib/ext:/usr/java/packages/lib/ext"/>
    <property name="sun.boot.class.path" value="/usr/lib/jvm/java-8-oracle/jre/lib/resources.jar:/usr/lib/jvm/java-8-oracle/jre/lib/rt.jar:/usr/lib/jvm/java-8-oracle/jre/lib/sunrsasign.jar:/usr/lib/jvm/java-8-oracle/jre/lib/jsse.jar:/usr/lib/jvm/java-8-oracle/jre/lib/jce.jar:/usr/lib/jvm/java-8-oracle/jre/lib/charsets.jar:/usr/lib/jvm/java-8-oracle/jre/lib/jfr.jar:/usr/lib/jvm/java-8-oracle/jre/classes"/>
    <property name="java.vendor" value="Oracle Corporation"/>
    <property name="localRepository" value="/usr/share/maven-repo"/>
    <property name="file.separator" value="/"/>
    <property name="java.vendor.url.bug" value="http://bugreport.sun.com/bugreport/"/>
    <property name="sun.cpu.endian" value="little"/>
    <property name="sun.io.unicode.encoding" value="UnicodeLittle"/>
    <property name="sun.desktop" value="gnome"/>
    <property name="sun.cpu.isalist" value=""/>
  </properties>
  <testcase classname="net.ogalab.util.container.FrequencyTest" name="testGetFreq" time="0.003"/>
</testsuite>